Command line:
   Clock_Divider_tb_isim_beh.exe
     -simmode  gui
     -simrunnum  0
     -socket  59554

Wed May 25 16:12:09 2011


 Elaboration Time: 0.02 sec

 Current Memory Usage: 156.504 Meg

 Total Signals          : 7
 Total Nets             : 18
 Total Signal Drivers   : 4
 Total Blocks           : 4
 Total Primitive Blocks : 3
 Total Processes        : 3
 Total Traceable Variables  : 14
 Total Scalar Nets and Variables : 502
Total Line Count : 14

 Total Simulation Time: 0.03 sec

 Current Memory Usage: 164.897 Meg

Wed May 25 16:12:18 2011

