Command line:
   Top_Level_isim_beh.exe
     -simmode  gui
     -simrunnum  0
     -socket  35741

Thu May 26 15:26:43 2011


 Elaboration Time: 0.03 sec

 Current Memory Usage: 162.947 Meg

 Total Signals          : 384
 Total Nets             : 7906
 Total Signal Drivers   : 201
 Total Blocks           : 48
 Total Primitive Blocks : 36
 Total Processes        : 116
 Total Traceable Variables  : 310
 Total Scalar Nets and Variables : 13209
Total Line Count : 904

 Total Simulation Time: 0.04 sec

 Current Memory Usage: 171.34 Meg

Thu May 26 15:26:48 2011

