CoreGen has not been configured with any user repositories.
CoreGen has been configured with the following Xilinx repositories:
 - '/opt/Xilinx/13.1/ISE_DS/ISE/coregen/' []
INFO:sim:927 - Generating component instance 'multiplier' of
   'xilinx.com:ip:mult_gen:11.2' from
   '/opt/Xilinx/13.1/ISE_DS/ISE/coregen/ip/xilinx/dsp/com/xilinx/ip/mult_gen_v11
   _2/component.xml'.
Applying current project options...
Finished applying current project options.
Executing Tcl generator...
WARNING:sim - A core named 'multiplier' already exists in the project. Output
   products for this core may be overwritten.
Finished executing Tcl generator.
Executing Tcl generator...
INFO:sim - Resolving generics for 'multiplier'...
WARNING:sim - A core named 'multiplier' already exists in the project. Output
   products for this core may be overwritten.
INFO:sim - Applying external generics to 'multiplier'...
Finished executing Tcl generator.
Executing Tcl generator...
INFO:sim - Delivering associated files for 'multiplier'...
Finished executing Tcl generator.
Executing Tcl generator...
INFO:sim - Generating implementation netlist for 'multiplier'...
INFO:sim - Pre-processing HDL files for 'multiplier'...
Finished executing Tcl generator.
Executing Tcl generator...
Finished executing Tcl generator.
Executing Tcl generator...
Finished executing Tcl generator.
Executing Tcl generator...
INFO:sim - Writing VHO instantiation template for 'multiplier'...
INFO:sim - Writing VEO instantiation template for 'multiplier'...
Finished executing Tcl generator.
Executing Tcl generator...
INFO:sim - Writing VHDL behavioral simulation model for 'multiplier'...
WARNING:sim - Verilog simulation file type 'Behavioral' is not valid for this
   core. Overriding with simulation file type 'Structural'.
INFO:sim - Writing Verilog structural simulation model for 'multiplier'...
Finished executing Tcl generator.
Generating ASY schematic symbol...
Initializing IP model...
Finished initializing IP model.
Finished generating ASY schematic symbol.
Executing Tcl generator...
INFO:sim - Generating SYM schematic symbol for 'multiplier'...
Finished executing Tcl generator.
Generating metadata file...
Finished generating metadata file.
Generating ISE project...
Finished generating ISE project.Generating README file...
Creating readme './tmp/_cg/multiplier_readme.txt'.
Finished generating README file.
Generating FLIST file...
Finished FLIST file generation.
Preparing output directory...
Finished preparing output directory.
Launching README viewer...
Launched README viewer.
Moving files to output directory...
Finished moving files to output directory
Wrote file for project
'/home/matt/Programming/VHDL/FpgaSequencer/Sequencer/ipcore_dir/multiplier.cgp'.
