CoreGen has not been configured with any user repositories.
CoreGen has been configured with the following Xilinx repositories:
 - '/opt/Xilinx/13.2/ISE_DS/ISE/coregen/' [reloaded]
INFO:sim - Generating component instance 'Note_Ram' of
   'xilinx.com:ip:blk_mem_gen:6.2' from
   '/opt/Xilinx/13.2/ISE_DS/ISE/coregen/ip/xilinx/primary/com/xilinx/ip/blk_mem_
   gen_v6_2/component.xml'.
Applying current project options...
Finished applying current project options.
Resolving generics for 'Note_Ram'...
WARNING:sim - A core named 'Note_Ram' already exists in the project. Output
   products for this core may be overwritten.
Applying external generics to 'Note_Ram'...
Delivering associated files for 'Note_Ram'...
Delivering EJava files for 'Note_Ram'...
Generating implementation netlist for 'Note_Ram'...
INFO:sim - Pre-processing HDL files for 'Note_Ram'...
Running synthesis for 'Note_Ram'
Writing VHO instantiation template for 'Note_Ram'...
Writing VHDL behavioral simulation model for 'Note_Ram'...
Generating ASY schematic symbol...
Generating SYM schematic symbol for 'Note_Ram'...
Generating metadata file...
Generating ISE project...
Generating README file...
Generating FLIST file...
INFO:sim - Finished FLIST file generation.
Moving files to output directory...
Finished moving files to output directory
Wrote CGP file for project 'Note_Ram'.
